  Determining projects to restore...
  All projects are up-to-date for restore.
  VolunteerSync.Domain -> /home/micro/Volunteer_sync/src/VolunteerSync.Domain/bin/Debug/net8.0/VolunteerSync.Domain.dll
  VolunteerSync.Infrastructure -> /home/micro/Volunteer_sync/src/VolunteerSync.Infrastructure/bin/Debug/net8.0/VolunteerSync.Infrastructure.dll
/home/micro/Volunteer_sync/src/VolunteerSync.Application/Services/Implementations/AuthService.cs(115,57): warning CS1998: This async method lacks 'await' operators and will run synchronously. Consider using the 'await' operator to await non-blocking API calls, or 'await Task.Run(...)' to do CPU-bound work on a background thread. [/home/micro/Volunteer_sync/src/VolunteerSync.Application/VolunteerSync.Application.csproj]
/home/micro/Volunteer_sync/src/VolunteerSync.Application/Services/Implementations/AuthService.cs(129,45): warning CS1998: This async method lacks 'await' operators and will run synchronously. Consider using the 'await' operator to await non-blocking API calls, or 'await Task.Run(...)' to do CPU-bound work on a background thread. [/home/micro/Volunteer_sync/src/VolunteerSync.Application/VolunteerSync.Application.csproj]
/home/micro/Volunteer_sync/src/VolunteerSync.Application/Services/Implementations/VolunteerTaskService.cs(100,89): error CS1061: 'CreateVolunteerTaskDto' does not contain a definition for 'OrganizationId' and no accessible extension method 'OrganizationId' accepting a first argument of type 'CreateVolunteerTaskDto' could be found (are you missing a using directive or an assembly reference?) [/home/micro/Volunteer_sync/src/VolunteerSync.Application/VolunteerSync.Application.csproj]
/home/micro/Volunteer_sync/src/VolunteerSync.Application/Services/Implementations/VolunteerTaskService.cs(109,54): error CS1061: 'CreateVolunteerTaskDto' does not contain a definition for 'OrganizationId' and no accessible extension method 'OrganizationId' accepting a first argument of type 'CreateVolunteerTaskDto' could be found (are you missing a using directive or an assembly reference?) [/home/micro/Volunteer_sync/src/VolunteerSync.Application/VolunteerSync.Application.csproj]
/home/micro/Volunteer_sync/src/VolunteerSync.Application/Services/Implementations/VolunteerTaskService.cs(115,18): error CS1061: 'VolunteerTask' does not contain a definition for 'CreatedBy' and no accessible extension method 'CreatedBy' accepting a first argument of type 'VolunteerTask' could be found (are you missing a using directive or an assembly reference?) [/home/micro/Volunteer_sync/src/VolunteerSync.Application/VolunteerSync.Application.csproj]
/home/micro/Volunteer_sync/src/VolunteerSync.Application/Services/Implementations/VolunteerTaskService.cs(145,17): error CS0815: Cannot assign void to an implicitly-typed variable [/home/micro/Volunteer_sync/src/VolunteerSync.Application/VolunteerSync.Application.csproj]
/home/micro/Volunteer_sync/src/VolunteerSync.Application/Services/Implementations/TaskRegistrationService.cs(184,17): error CS0815: Cannot assign void to an implicitly-typed variable [/home/micro/Volunteer_sync/src/VolunteerSync.Application/VolunteerSync.Application.csproj]

Build FAILED.

/home/micro/Volunteer_sync/src/VolunteerSync.Application/Services/Implementations/AuthService.cs(115,57): warning CS1998: This async method lacks 'await' operators and will run synchronously. Consider using the 'await' operator to await non-blocking API calls, or 'await Task.Run(...)' to do CPU-bound work on a background thread. [/home/micro/Volunteer_sync/src/VolunteerSync.Application/VolunteerSync.Application.csproj]
/home/micro/Volunteer_sync/src/VolunteerSync.Application/Services/Implementations/AuthService.cs(129,45): warning CS1998: This async method lacks 'await' operators and will run synchronously. Consider using the 'await' operator to await non-blocking API calls, or 'await Task.Run(...)' to do CPU-bound work on a background thread. [/home/micro/Volunteer_sync/src/VolunteerSync.Application/VolunteerSync.Application.csproj]
/home/micro/Volunteer_sync/src/VolunteerSync.Application/Services/Implementations/VolunteerTaskService.cs(100,89): error CS1061: 'CreateVolunteerTaskDto' does not contain a definition for 'OrganizationId' and no accessible extension method 'OrganizationId' accepting a first argument of type 'CreateVolunteerTaskDto' could be found (are you missing a using directive or an assembly reference?) [/home/micro/Volunteer_sync/src/VolunteerSync.Application/VolunteerSync.Application.csproj]
/home/micro/Volunteer_sync/src/VolunteerSync.Application/Services/Implementations/VolunteerTaskService.cs(109,54): error CS1061: 'CreateVolunteerTaskDto' does not contain a definition for 'OrganizationId' and no accessible extension method 'OrganizationId' accepting a first argument of type 'CreateVolunteerTaskDto' could be found (are you missing a using directive or an assembly reference?) [/home/micro/Volunteer_sync/src/VolunteerSync.Application/VolunteerSync.Application.csproj]
/home/micro/Volunteer_sync/src/VolunteerSync.Application/Services/Implementations/VolunteerTaskService.cs(115,18): error CS1061: 'VolunteerTask' does not contain a definition for 'CreatedBy' and no accessible extension method 'CreatedBy' accepting a first argument of type 'VolunteerTask' could be found (are you missing a using directive or an assembly reference?) [/home/micro/Volunteer_sync/src/VolunteerSync.Application/VolunteerSync.Application.csproj]
/home/micro/Volunteer_sync/src/VolunteerSync.Application/Services/Implementations/VolunteerTaskService.cs(145,17): error CS0815: Cannot assign void to an implicitly-typed variable [/home/micro/Volunteer_sync/src/VolunteerSync.Application/VolunteerSync.Application.csproj]
/home/micro/Volunteer_sync/src/VolunteerSync.Application/Services/Implementations/TaskRegistrationService.cs(184,17): error CS0815: Cannot assign void to an implicitly-typed variable [/home/micro/Volunteer_sync/src/VolunteerSync.Application/VolunteerSync.Application.csproj]
    2 Warning(s)
    5 Error(s)

Time Elapsed 00:00:26.75
